c:\users\michael.hermann\source\repos\mfc-uhr\mfc-uhr\x64\debug\vc143.pdb
c:\users\michael.hermann\source\repos\mfc-uhr\mfc-uhr\x64\debug\vc143.idb
c:\users\michael.hermann\source\repos\mfc-uhr\mfc-uhr\x64\debug\mfc-uhrdlg.obj
c:\users\michael.hermann\source\repos\mfc-uhr\mfc-uhr\x64\debug\mfc-uhr.obj
c:\users\michael.hermann\source\repos\mfc-uhr\mfc-uhr\x64\debug\mfc-uhr.pch
c:\users\michael.hermann\source\repos\mfc-uhr\mfc-uhr\x64\debug\pch.obj
c:\users\michael.hermann\source\repos\mfc-uhr\mfc-uhr\x64\debug\appearances.obj
c:\users\michael.hermann\source\repos\mfc-uhr\mfc-uhr\x64\debug\painterfacility.obj
c:\users\michael.hermann\source\repos\mfc-uhr\mfc-uhr\x64\debug\binarypainter.obj
c:\users\michael.hermann\source\repos\mfc-uhr\mfc-uhr\x64\debug\analogpainter.obj
c:\users\michael.hermann\source\repos\mfc-uhr\mfc-uhr\x64\debug\abstractpainter.obj
c:\users\michael.hermann\source\repos\mfc-uhr\mfc-uhr\x64\debug\uhrcontroller.obj
c:\users\michael.hermann\source\repos\mfc-uhr\mfc-uhr\x64\debug\timezones.obj
c:\users\michael.hermann\source\repos\mfc-uhr\mfc-uhr\x64\debug\wndconverter.obj
c:\users\michael.hermann\source\repos\mfc-uhr\mfc-uhr\x64\debug\mfc-uhr.ilk
c:\users\michael.hermann\source\repos\mfc-uhr\x64\debug\mfc-uhr.exe
c:\users\michael.hermann\source\repos\mfc-uhr\x64\debug\mfc-uhr.pdb
c:\users\michael.hermann\source\repos\mfc-uhr\mfc-uhr\x64\debug\mfcuhr.res
c:\users\michael.hermann\source\repos\mfc-uhr\mfc-uhr\x64\debug\mfc-uhr.tlog\cl.command.1.tlog
c:\users\michael.hermann\source\repos\mfc-uhr\mfc-uhr\x64\debug\mfc-uhr.tlog\cl.items.tlog
c:\users\michael.hermann\source\repos\mfc-uhr\mfc-uhr\x64\debug\mfc-uhr.tlog\cl.read.1.tlog
c:\users\michael.hermann\source\repos\mfc-uhr\mfc-uhr\x64\debug\mfc-uhr.tlog\cl.write.1.tlog
c:\users\michael.hermann\source\repos\mfc-uhr\mfc-uhr\x64\debug\mfc-uhr.tlog\link.command.1.tlog
c:\users\michael.hermann\source\repos\mfc-uhr\mfc-uhr\x64\debug\mfc-uhr.tlog\link.read.1.tlog
c:\users\michael.hermann\source\repos\mfc-uhr\mfc-uhr\x64\debug\mfc-uhr.tlog\link.write.1.tlog
c:\users\michael.hermann\source\repos\mfc-uhr\mfc-uhr\x64\debug\mfc-uhr.tlog\rc.command.1.tlog
c:\users\michael.hermann\source\repos\mfc-uhr\mfc-uhr\x64\debug\mfc-uhr.tlog\rc.read.1.tlog
c:\users\michael.hermann\source\repos\mfc-uhr\mfc-uhr\x64\debug\mfc-uhr.tlog\rc.write.1.tlog
